
Showing logs for build [32mcb-kubecd-bdd-ghfjxy-1568745390-s2htj-1[0m stage [32mmeta-pipeline[0m and container [32mstep-credential-initializer-9tgzw[0m
{"level":"warn","ts":1568745777.54496,"logger":"fallback-logger","caller":"logging/config.go:69","msg":"Fetch GitHub commit ID from kodata failed: \"ref: refs/heads/master\" is not a valid GitHub commit ID"}
{"level":"info","ts":1568745777.5457115,"logger":"fallback-logger","caller":"creds-init/main.go:40","msg":"Credentials initialized."}

Showing logs for build [32mcb-kubecd-bdd-ghfjxy-1568745390-s2htj-1[0m stage [32mmeta-pipeline[0m and container [32mstep-working-dir-initializer-fnbbm[0m
{"level":"warn","ts":1568745778.9838018,"logger":"fallback-logger","caller":"logging/config.go:69","msg":"Fetch GitHub commit ID from kodata failed: open /var/run/ko/HEAD: no such file or directory"}
{"level":"info","ts":1568745779.0076733,"logger":"fallback-logger","caller":"bash/main.go:65","msg":"Successfully executed command \"mkdir -p /workspace/source\""}

Showing logs for build [32mcb-kubecd-bdd-ghfjxy-1568745390-s2htj-1[0m stage [32mmeta-pipeline[0m and container [32mstep-place-tools[0m

Showing logs for build [32mcb-kubecd-bdd-ghfjxy-1568745390-s2htj-1[0m stage [32mmeta-pipeline[0m and container [32mstep-git-source-meta-cb-kubecd-bdd-ghfjxy-15687-zsmp6[0m
{"level":"warn","ts":1568745785.1177502,"logger":"fallback-logger","caller":"logging/config.go:69","msg":"Fetch GitHub commit ID from kodata failed: \"ref: refs/heads/master\" is not a valid GitHub commit ID"}
{"level":"info","ts":1568745786.200285,"logger":"fallback-logger","caller":"git/git.go:102","msg":"Successfully cloned https://github.com/cb-kubecd/bdd-ghf**y-1568745390.git @ 2d901237125cd4e968d72057fb8c725c0693355a in path /workspace/source"}

Showing logs for build [32mcb-kubecd-bdd-ghfjxy-1568745390-s2htj-1[0m stage [32mmeta-pipeline[0m and container [32mstep-git-merge[0m
Using SHAs from PULL_REFS=master:2d901237125cd4e968d72057fb8c725c0693355a,1:06318f316fde819e02faabb4bc394285a66f48bc
DEBUG: ran git fetch --unshallow origin 06318f316fde819e02faabb4bc394285a66f48bc: 2d901237125cd4e968d72057fb8c725c0693355a: in 
DEBUG: ran git checkout master in 
DEBUG: ran git reset --hard 2d901237125cd4e968d72057fb8c725c0693355a in 
DEBUG: ran clean --force -d . in 
DEBUG: ran git merge 06318f316fde819e02faabb4bc394285a66f48bc in 
Merged SHA 06318f316fde819e02faabb4bc394285a66f48bc with commit message 'My first PR commit' into base branch master

Showing logs for build [32mcb-kubecd-bdd-ghfjxy-1568745390-s2htj-1[0m stage [32mmeta-pipeline[0m and container [32mstep-merge-pull-refs[0m
DEBUG: ran git fetch origin 06318f316fde819e02faabb4bc394285a66f48bc: 2d901237125cd4e968d72057fb8c725c0693355a: in 
DEBUG: Unshallowed git repo in 
DEBUG: ran git checkout master in 
DEBUG: ran git reset --hard 2d901237125cd4e968d72057fb8c725c0693355a in 
DEBUG: ran clean --force -d . in 
DEBUG: ran git merge 06318f316fde819e02faabb4bc394285a66f48bc in 
Merged SHA 06318f316fde819e02faabb4bc394285a66f48bc with commit message 'My first PR commit' into base branch master

Showing logs for build [32mcb-kubecd-bdd-ghfjxy-1568745390-s2htj-1[0m stage [32mmeta-pipeline[0m and container [32mstep-create-effective-pipeline[0m
Deleting and cloning the Jenkins X versions repo
Cloning the Jenkins X versions repo https://github.com/jenkins-x/jenkins-x-versions.git with ref refs/heads/master to /builder/home/.**/jenkins-x-versions
performing pack detection in folder /workspace/source
--> Draft detected YAML (67.752116%)
--> Could not find a pack for YAML. Trying to find the next likely language match...
--> Draft detected RPM Spec (14.854397%)
--> Could not find a pack for RPM Spec. Trying to find the next likely language match...
--> Draft detected Coq (6.799598%)
--> Could not find a pack for Coq. Trying to find the next likely language match...
--> Draft detected Smarty (3.701047%)
--> Could not find a pack for Smarty. Trying to find the next likely language match...
--> Draft detected Go (2.904892%)
selected pack: /builder/home/.**/draft/packs/github.com/jenkins-x-buildpacks/jenkins-x-kubernetes/packs/go
Effective pipeline written to jenkins-x-serverless-jenkins-effective.yml

Showing logs for build [32mcb-kubecd-bdd-ghfjxy-1568745390-s2htj-1[0m stage [32mmeta-pipeline[0m and container [32mstep-create-tekton-crds[0m
PipelineActivity for cb-kubecd-bdd-ghf**y-1568745390-PR-1-1
Applying changes 
upserted PipelineResource cb-kubecd-bdd-ghf**y-1568745390 for the git repository https://github.com/cb-kubecd/bdd-ghf**y-1568745390.git
upserted Task cb-kubecd-bdd-ghf**y-1568745390-s2htj-run-make-1
upserted Task cb-kubecd-bdd-ghf**y-1568745390-s2htj-everything-else-1
upserted Pipeline cb-kubecd-bdd-ghf**y-1568745390-s2htj-1
created PipelineRun cb-kubecd-bdd-ghf**y-1568745390-s2htj-1
created PipelineStructure cb-kubecd-bdd-ghf**y-1568745390-s2htj-1

Showing logs for build [32mcb-kubecd-bdd-ghfjxy-1568745390-s2htj-1[0m stage [32mrun-make[0m and container [32mstep-credential-initializer-pqglf[0m
{"level":"warn","ts":1568745817.994302,"logger":"fallback-logger","caller":"logging/config.go:69","msg":"Fetch GitHub commit ID from kodata failed: \"ref: refs/heads/master\" is not a valid GitHub commit ID"}
{"level":"info","ts":1568745817.9955676,"logger":"fallback-logger","caller":"creds-init/main.go:40","msg":"Credentials initialized."}

Showing logs for build [32mcb-kubecd-bdd-ghfjxy-1568745390-s2htj-1[0m stage [32mrun-make[0m and container [32mstep-working-dir-initializer-9x5kc[0m
{"level":"warn","ts":1568745818.95799,"logger":"fallback-logger","caller":"logging/config.go:69","msg":"Fetch GitHub commit ID from kodata failed: open /var/run/ko/HEAD: no such file or directory"}
{"level":"info","ts":1568745818.9601831,"logger":"fallback-logger","caller":"bash/main.go:65","msg":"Successfully executed command \"mkdir -p /workspace/source\""}

Showing logs for build [32mcb-kubecd-bdd-ghfjxy-1568745390-s2htj-1[0m stage [32mrun-make[0m and container [32mstep-place-tools[0m

Showing logs for build [32mcb-kubecd-bdd-ghfjxy-1568745390-s2htj-1[0m stage [32mrun-make[0m and container [32mstep-git-source-cb-kubecd-bdd-ghfjxy-1568745390-plrbp[0m
{"level":"warn","ts":1568745896.1017282,"logger":"fallback-logger","caller":"logging/config.go:69","msg":"Fetch GitHub commit ID from kodata failed: \"ref: refs/heads/master\" is not a valid GitHub commit ID"}
{"level":"info","ts":1568745897.2253683,"logger":"fallback-logger","caller":"git/git.go:102","msg":"Successfully cloned https://github.com/cb-kubecd/bdd-ghf**y-1568745390.git @ master in path /workspace/source"}

Showing logs for build [32mcb-kubecd-bdd-ghfjxy-1568745390-s2htj-1[0m stage [32mrun-make[0m and container [32mstep-git-merge[0m
Using SHAs from PULL_REFS=master:2d901237125cd4e968d72057fb8c725c0693355a,1:06318f316fde819e02faabb4bc394285a66f48bc
DEBUG: ran git fetch --unshallow origin 06318f316fde819e02faabb4bc394285a66f48bc: 2d901237125cd4e968d72057fb8c725c0693355a: in 
DEBUG: ran git checkout master in 
DEBUG: ran git reset --hard 2d901237125cd4e968d72057fb8c725c0693355a in 
DEBUG: ran clean --force -d . in 
DEBUG: ran git merge 06318f316fde819e02faabb4bc394285a66f48bc in 
Merged SHA 06318f316fde819e02faabb4bc394285a66f48bc with commit message 'My first PR commit' into base branch master

Showing logs for build [32mcb-kubecd-bdd-ghfjxy-1568745390-s2htj-1[0m stage [32mrun-make[0m and container [32mstep-build-make-linux[0m
CGO_ENABLED=0 GOOS=linux GOARCH=amd64 GO15VENDOREXPERIMENT=1 go build -ldflags '' -o bin/bdd-ghf**y-1568745390 main.go

Showing logs for build [32mcb-kubecd-bdd-ghfjxy-1568745390-s2htj-1[0m stage [32mrun-make[0m and container [32mstep-source-mkdir-cb-kubecd-bdd-ghfjxy-1568745390-qrslb[0m
{"level":"warn","ts":1568745906.5965264,"logger":"fallback-logger","caller":"logging/config.go:69","msg":"Fetch GitHub commit ID from kodata failed: open /var/run/ko/HEAD: no such file or directory"}
{"level":"info","ts":1568745906.644797,"logger":"fallback-logger","caller":"bash/main.go:65","msg":"Successfully executed command \"mkdir -p /pvc/run-make/workspace\""}

Showing logs for build [32mcb-kubecd-bdd-ghfjxy-1568745390-s2htj-1[0m stage [32mrun-make[0m and container [32mstep-source-copy-cb-kubecd-bdd-ghfjxy-1568745390-8b7lg[0m
{"level":"warn","ts":1568745906.8934019,"logger":"fallback-logger","caller":"logging/config.go:69","msg":"Fetch GitHub commit ID from kodata failed: open /var/run/ko/HEAD: no such file or directory"}
{"level":"info","ts":1568745906.9125972,"logger":"fallback-logger","caller":"bash/main.go:65","msg":"Successfully executed command \"cp -r /workspace/source/. /pvc/run-make/workspace\""}

Showing logs for build [32mcb-kubecd-bdd-ghfjxy-1568745390-s2htj-1[0m stage [32meverything-else[0m and container [32mstep-credential-initializer-svg42[0m
{"level":"warn","ts":1568745911.917172,"logger":"fallback-logger","caller":"logging/config.go:69","msg":"Fetch GitHub commit ID from kodata failed: \"ref: refs/heads/master\" is not a valid GitHub commit ID"}
{"level":"info","ts":1568745911.918317,"logger":"fallback-logger","caller":"creds-init/main.go:40","msg":"Credentials initialized."}

Showing logs for build [32mcb-kubecd-bdd-ghfjxy-1568745390-s2htj-1[0m stage [32meverything-else[0m and container [32mstep-working-dir-initializer-9qfxw[0m
{"level":"warn","ts":1568745913.027166,"logger":"fallback-logger","caller":"logging/config.go:69","msg":"Fetch GitHub commit ID from kodata failed: open /var/run/ko/HEAD: no such file or directory"}
{"level":"info","ts":1568745913.0287688,"logger":"fallback-logger","caller":"bash/main.go:65","msg":"Successfully executed command \"mkdir -p /workspace/source /workspace/source/charts/preview\""}

Showing logs for build [32mcb-kubecd-bdd-ghfjxy-1568745390-s2htj-1[0m stage [32meverything-else[0m and container [32mstep-place-tools[0m

Showing logs for build [32mcb-kubecd-bdd-ghfjxy-1568745390-s2htj-1[0m stage [32meverything-else[0m and container [32mstep-create-dir-workspace-wwqkk[0m
{"level":"warn","ts":1568745919.1881287,"logger":"fallback-logger","caller":"logging/config.go:69","msg":"Fetch GitHub commit ID from kodata failed: open /var/run/ko/HEAD: no such file or directory"}
{"level":"info","ts":1568745919.1919806,"logger":"fallback-logger","caller":"bash/main.go:65","msg":"Successfully executed command \"mkdir -p /workspace/source\""}

Showing logs for build [32mcb-kubecd-bdd-ghfjxy-1568745390-s2htj-1[0m stage [32meverything-else[0m and container [32mstep-source-copy-workspace-9zvxw[0m
{"level":"warn","ts":1568745919.5358655,"logger":"fallback-logger","caller":"logging/config.go:69","msg":"Fetch GitHub commit ID from kodata failed: open /var/run/ko/HEAD: no such file or directory"}
{"level":"info","ts":1568745919.764842,"logger":"fallback-logger","caller":"bash/main.go:65","msg":"Successfully executed command \"cp -r /pvc/run-make/workspace/. /workspace/source\""}

Showing logs for build [32mcb-kubecd-bdd-ghfjxy-1568745390-s2htj-1[0m stage [32meverything-else[0m and container [32mstep-build-container-build[0m
[36mINFO[0m[0000] No base image, nothing to extract            
[36mINFO[0m[0000] cmd: EXPOSE                                  
[36mINFO[0m[0000] Adding exposed port: 8080/tcp                
[36mINFO[0m[0000] Using files from context: [/workspace/source/bin] 
[36mINFO[0m[0000] Skipping unpacking as no commands require it. 
[36mINFO[0m[0000] Taking snapshot of full filesystem...        
[36mINFO[0m[0000] EXPOSE 8080                                  
[36mINFO[0m[0000] cmd: EXPOSE                                  
[36mINFO[0m[0000] Adding exposed port: 8080/tcp                
[36mINFO[0m[0000] No files changed in this command, skipping snapshotting. 
[36mINFO[0m[0000] ENTRYPOINT ["/bdd-ghf**y-1568745390"]        
[36mINFO[0m[0000] No files changed in this command, skipping snapshotting. 
[36mINFO[0m[0000] Using files from context: [/workspace/source/bin] 
[36mINFO[0m[0000] COPY ./bin/ /                                
[36mINFO[0m[0000] Taking snapshot of files...                  
2019/09/17 18:45:24 pushed blob: sha256:024971a8cc57bf2b9d62f0cc00a648c27bdd5d0d467c9ea2950f7727970b6592
2019/09/17 18:45:24 pushed blob: sha256:38d2c7b9faf98caf212e8c1a4c7317c9bc687d40eb616dda66e71c937a4cc5a2
2019/09/17 18:45:26 gcr.io/jenkins-x-bdd3/bdd-ghf**y-1568745390:0.0.0-SNAPSHOT-PR-1-1: digest: sha256:670014c4e222d6d29cdbed46331c1c57fd3cc62ad1899cb958e768295ce1078d size: 428

Showing logs for build [32mcb-kubecd-bdd-ghfjxy-1568745390-s2htj-1[0m stage [32meverything-else[0m and container [32mstep-postbuild-post-build[0m
no CVE provider running in the current ** namespace so skip adding image to be analysed

Showing logs for build [32mcb-kubecd-bdd-ghfjxy-1568745390-s2htj-1[0m stage [32meverything-else[0m and container [32mstep-promote-make-preview[0m
sed -i -e "s/version:.*/version: 0.0.0-SNAPSHOT-PR-1-1/" Chart.yaml
sed -i -e "s/version:.*/version: 0.0.0-SNAPSHOT-PR-1-1/" ../*/Chart.yaml
sed -i -e "s|repository:.*|repository: gcr.io\/jenkins-x-bdd3\/bdd-ghf**y-1568745390|" values.yaml
sed -i -e "s/tag:.*/tag: 0.0.0-SNAPSHOT-PR-1-1/" values.yaml
echo "  version: 0.0.0-SNAPSHOT-PR-1-1" >> requirements.yaml
** step helm build
WARNING: No $CHART_REPOSITORY defined so using the default value of: http://jenkins-x-chartmuseum:8080
Adding missing Helm repo: storage.googleapis.com https://storage.googleapis.com/chartmuseum.jenkins-x.io
Successfully added Helm repository storage.googleapis.com.
Adding missing Helm repo: jenkins-x-chartmuseum http://jenkins-x-chartmuseum:8080
Successfully added Helm repository jenkins-x-chartmuseum.
WARNING: No $CHART_REPOSITORY defined so using the default value of: http://jenkins-x-chartmuseum:8080
Adding missing Helm repo: chartmuseum.jenkins-x.io http://chartmuseum.jenkins-x.io
Successfully added Helm repository chartmuseum.jenkins-x.io.

Showing logs for build [32mcb-kubecd-bdd-ghfjxy-1568745390-s2htj-1[0m stage [32meverything-else[0m and container [32mstep-promote-jx-preview[0m
Creating a preview
WARNING: No author for commit: 06318f316fde819e02faabb4bc394285a66f48bc
Created environment cb-kubecd-bdd-ghf**y-1568745390-pr-1
Namespace **-cb-kubecd-bdd-ghf**y-1568745390-pr-1 created 
expose:
  Annotations:
    helm.sh/hook: post-install,post-upgrade
    helm.sh/hook-delete-policy: hook-succeeded
  config:
    domain: 34.77.142.162.nip.io
    exposer: Ingress
    http: "true"
preview:
  image:
    repository: gcr.io/jenkins-x-bdd3/bdd-ghf**y-1568745390
    tag: 0.0.0-SNAPSHOT-PR-1-1
Deleting and cloning the Jenkins X versions repo
Cloning the Jenkins X versions repo https://github.com/jenkins-x/jenkins-x-versions.git with ref refs/heads/master to /builder/home/.**/jenkins-x-versions


Updating PipelineActivities cb-kubecd-bdd-ghf**y-1568745390-pr-1-1 which has status Running
Preview application is now available at: http://bdd-ghf**y-1568745390.**-cb-kubecd-bdd-ghf**y-1568745390-pr-1.34.77.142.162.nip.io
